#
# There is insufficient memory for the Java Runtime Environment to continue.
# Native memory allocation (malloc) failed to allocate 1048576 bytes for AllocateHeap
# Possible reasons:
#   The system is out of physical RAM or swap space
#   The process is running with CompressedOops enabled, and the Java Heap may be blocking the growth of the native heap
# Possible solutions:
#   Reduce memory load on the system
#   Increase physical memory or swap space
#   Check if swap backing store is full
#   Decrease Java heap size (-Xmx/-Xms)
#   Decrease number of Java threads
#   Decrease Java thread stack sizes (-Xss)
#   Set larger code cache with -XX:ReservedCodeCacheSize=
#   JVM is running with Unscaled Compressed Oops mode in which the Java heap is
#     placed in the first 4GB address space. The Java Heap base address is the
#     maximum limit for the native heap growth. Please use -XX:HeapBaseMinAddress
#     to set the Java Heap base and to place the Java Heap above 4GB virtual address.
# This output file may be truncated or incomplete.
#
#  Out of Memory Error (allocation.cpp:44), pid=13240, tid=9640
#
# JRE version: OpenJDK Runtime Environment Temurin-17.0.10+7 (17.0.10+7) (build 17.0.10+7)
# Java VM: OpenJDK 64-Bit Server VM Temurin-17.0.10+7 (17.0.10+7, mixed mode, emulated-client, tiered, compressed oops, compressed class ptrs, g1 gc, windows-amd64)
# No core dump will be written. Minidumps are not enabled by default on client versions of Windows
#

---------------  S U M M A R Y ------------

Command Line: -Xmx1024m -Dsts.lsp.client=vscode -Dsts.log.file=/dev/null -XX:TieredStopAtLevel=1 -Xlog:jni+resolve=off -Dspring.config.location=file:c:\Users\Microsoft\.vscode\extensions\vmware.vscode-spring-boot-1.54.0\language-server\BOOT-INF\classes\application.properties org.springframework.ide.vscode.boot.app.BootLanguageServerBootApp

Host: Intel(R) Core(TM) i5-1035G1 CPU @ 1.00GHz, 8 cores, 7G,  Windows 11 , 64 bit Build 22621 (10.0.22621.3374)
Time: Tue May 14 23:55:18 2024 Jerusalem Daylight Time elapsed time: 15171.811354 seconds (0d 4h 12m 51s)

---------------  T H R E A D  ---------------

Current thread (0x000001bd6a9df070):  VMThread "VM Thread" [stack: 0x000000aba1000000,0x000000aba1100000] [id=9640]

Stack: [0x000000aba1000000,0x000000aba1100000]
Native frames: (J=compiled Java code, j=interpreted, Vv=VM code, C=native code)
V  [jvm.dll+0x67d2c9]
V  [jvm.dll+0x834afa]
V  [jvm.dll+0x8365be]
V  [jvm.dll+0x836c23]
V  [jvm.dll+0x2477ff]
V  [jvm.dll+0xa6c93]
V  [jvm.dll+0x2f8663]
V  [jvm.dll+0x2f42e0]
V  [jvm.dll+0x2dc8c7]
V  [jvm.dll+0x31fb87]
V  [jvm.dll+0x83b11b]
V  [jvm.dll+0x83be61]
V  [jvm.dll+0x83c37d]
V  [jvm.dll+0x83c754]
V  [jvm.dll+0x83c820]
V  [jvm.dll+0x7e3fba]
V  [jvm.dll+0x67c1b5]
C  [ucrtbase.dll+0x29333]
C  [KERNEL32.DLL+0x1257d]
C  [ntdll.dll+0x5aa48]

VM_Operation (0x000000aba28fe950): G1CollectFull, mode: safepoint, requested by thread 0x000001bd70475750


---------------  P R O C E S S  ---------------

Threads class SMR info:
_java_thread_list=0x000001bd71291ba0, length=29, elements={
0x000001bd6a9f2380, 0x000001bd6a9f7e70, 0x000001bd6ab7d130, 0x000001bd6ab7dc00,
0x000001bd6ab804e0, 0x000001bd6ab82dc0, 0x000001bd6ab83740, 0x000001bd6ab847f0,
0x000001bd6ad70a60, 0x000001bd6ad763b0, 0x000001bd70424690, 0x000001bd70475750,
0x000001bd704d6e00, 0x000001bd5da0ea30, 0x000001bd700c5050, 0x000001bd7055e370,
0x000001bd70511060, 0x000001bd705129b0, 0x000001bd705124a0, 0x000001bd70511570,
0x000001bd70511a80, 0x000001bd7063ba70, 0x000001bd7063a630, 0x000001bd7063d3c0,
0x000001bd706382c0, 0x000001bd7063dde0, 0x000001bd7063a120, 0x000001bd7063bf80,
0x000001bd7063b050
}

Java Threads: ( => current thread )
  0x000001bd6a9f2380 JavaThread "Reference Handler" daemon [_thread_blocked, id=11588, stack(0x000000aba1100000,0x000000aba1200000)]
  0x000001bd6a9f7e70 JavaThread "Finalizer" daemon [_thread_blocked, id=19696, stack(0x000000aba1200000,0x000000aba1300000)]
  0x000001bd6ab7d130 JavaThread "Signal Dispatcher" daemon [_thread_blocked, id=6160, stack(0x000000aba1300000,0x000000aba1400000)]
  0x000001bd6ab7dc00 JavaThread "Attach Listener" daemon [_thread_blocked, id=8288, stack(0x000000aba1400000,0x000000aba1500000)]
  0x000001bd6ab804e0 JavaThread "Service Thread" daemon [_thread_blocked, id=8556, stack(0x000000aba1500000,0x000000aba1600000)]
  0x000001bd6ab82dc0 JavaThread "Monitor Deflation Thread" daemon [_thread_blocked, id=14312, stack(0x000000aba1600000,0x000000aba1700000)]
  0x000001bd6ab83740 JavaThread "C1 CompilerThread0" daemon [_thread_blocked, id=3176, stack(0x000000aba1700000,0x000000aba1800000)]
  0x000001bd6ab847f0 JavaThread "Sweeper thread" daemon [_thread_blocked, id=14668, stack(0x000000aba1800000,0x000000aba1900000)]
  0x000001bd6ad70a60 JavaThread "Notification Thread" daemon [_thread_blocked, id=8200, stack(0x000000aba1a00000,0x000000aba1b00000)]
  0x000001bd6ad763b0 JavaThread "Common-Cleaner" daemon [_thread_blocked, id=20752, stack(0x000000aba1c00000,0x000000aba1d00000)]
  0x000001bd70424690 JavaThread "boundedElastic-evictor-1" daemon [_thread_blocked, id=6876, stack(0x000000aba2200000,0x000000aba2300000)]
  0x000001bd70475750 JavaThread "pool-13-thread-1" [_thread_blocked, id=21548, stack(0x000000aba2800000,0x000000aba2900000)]
  0x000001bd704d6e00 JavaThread "LanguageServerApp-lifecycle" [_thread_blocked, id=12188, stack(0x000000aba2900000,0x000000aba2a00000)]
  0x000001bd5da0ea30 JavaThread "DestroyJavaVM" [_thread_blocked, id=18320, stack(0x000000aba0a00000,0x000000aba0b00000)]
  0x000001bd700c5050 JavaThread "pool-14-thread-1" [_thread_in_native, id=22336, stack(0x000000aba2a00000,0x000000aba2b00000)]
  0x000001bd7055e370 JavaThread "Simple-Language-Server main thread" daemon [_thread_blocked, id=20552, stack(0x000000aba2b00000,0x000000aba2c00000)]
  0x000001bd70511060 JavaThread "pool-8-thread-1" [_thread_blocked, id=16948, stack(0x000000aba2e00000,0x000000aba2f00000)]
  0x000001bd705129b0 JavaThread "parallel-1" daemon [_thread_blocked, id=10404, stack(0x000000aba2f00000,0x000000aba3000000)]
  0x000001bd705124a0 JavaThread "pool-6-thread-1" [_thread_blocked, id=15960, stack(0x000000aba3000000,0x000000aba3100000)]
  0x000001bd70511570 JavaThread "parallel-2" daemon [_thread_blocked, id=19512, stack(0x000000aba3100000,0x000000aba3200000)]
  0x000001bd70511a80 JavaThread "parallel-3" daemon [_thread_blocked, id=13656, stack(0x000000aba3200000,0x000000aba3300000)]
  0x000001bd7063ba70 JavaThread "parallel-4" daemon [_thread_blocked, id=22416, stack(0x000000aba3c00000,0x000000aba3d00000)]
  0x000001bd7063a630 JavaThread "parallel-5" daemon [_thread_blocked, id=10332, stack(0x000000aba3d00000,0x000000aba3e00000)]
  0x000001bd7063d3c0 JavaThread "Reconciler-1" daemon [_thread_blocked, id=17052, stack(0x000000aba3e00000,0x000000aba3f00000)]
  0x000001bd706382c0 JavaThread "parallel-6" daemon [_thread_blocked, id=18612, stack(0x000000aba0700000,0x000000aba0800000)]
  0x000001bd7063dde0 JavaThread "parallel-7" daemon [_thread_blocked, id=4024, stack(0x000000aba2400000,0x000000aba2500000)]
  0x000001bd7063a120 JavaThread "parallel-8" daemon [_thread_blocked, id=9384, stack(0x000000aba3300000,0x000000aba3400000)]
  0x000001bd7063bf80 JavaThread "CompletableFutureDelayScheduler" daemon [_thread_blocked, id=14356, stack(0x000000aba3700000,0x000000aba3800000)]
  0x000001bd7063b050 JavaThread "pool-3-thread-57" [_thread_blocked, id=1368, stack(0x000000aba0800000,0x000000aba0900000)]

Other Threads:
=>0x000001bd6a9df070 VMThread "VM Thread" [stack: 0x000000aba1000000,0x000000aba1100000] [id=9640]
  0x000001bd6ad70f40 WatcherThread [stack: 0x000000aba1b00000,0x000000aba1c00000] [id=22360]
  0x000001bd5fbe9e10 GCTaskThread "GC Thread#0" [stack: 0x000000aba0b00000,0x000000aba0c00000] [id=9828]
  0x000001bd6f7fe760 GCTaskThread "GC Thread#1" [stack: 0x000000aba1d00000,0x000000aba1e00000] [id=8248]
  0x000001bd6f748030 GCTaskThread "GC Thread#2" [stack: 0x000000aba1e00000,0x000000aba1f00000] [id=21952]
  0x000001bd6fa9c870 GCTaskThread "GC Thread#3" [stack: 0x000000aba1f00000,0x000000aba2000000] [id=19236]
  0x000001bd6fbe6c90 GCTaskThread "GC Thread#4" [stack: 0x000000aba2000000,0x000000aba2100000] [id=9980]
  0x000001bd6fcd9d20 GCTaskThread "GC Thread#5" [stack: 0x000000aba2100000,0x000000aba2200000] [id=3212]
  0x000001bd6ac411a0 GCTaskThread "GC Thread#6" [stack: 0x000000aba2500000,0x000000aba2600000] [id=12588]
  0x000001bd6ff1d450 GCTaskThread "GC Thread#7" [stack: 0x000000aba2600000,0x000000aba2700000] [id=10696]
  0x000001bd5fbf2c70 ConcurrentGCThread "G1 Main Marker" [stack: 0x000000aba0c00000,0x000000aba0d00000] [id=12420]
  0x000001bd5fbf35a0 ConcurrentGCThread "G1 Conc#0" [stack: 0x000000aba0d00000,0x000000aba0e00000] [id=8072]
  0x000001bd6fe37600 ConcurrentGCThread "G1 Conc#1" [stack: 0x000000aba2700000,0x000000aba2800000] [id=1412]
  0x000001bd5fc485e0 ConcurrentGCThread "G1 Refine#0" [stack: 0x000000aba0e00000,0x000000aba0f00000] [id=2928]
  0x000001bd6a8530d0 ConcurrentGCThread "G1 Service" [stack: 0x000000aba0f00000,0x000000aba1000000] [id=18120]

Threads with active compile tasks:

VM state: at safepoint (normal execution)

VM Mutex/Monitor currently owned by a thread:  ([mutex/lock_event])
[0x000001bd5d952e30] Threads_lock - owner thread: 0x000001bd6a9df070
[0x000001bd5d9501c0] Heap_lock - owner thread: 0x000001bd70475750

Heap address: 0x00000000c0000000, size: 1024 MB, Compressed Oops mode: 32-bit

CDS archive(s) not mapped
Compressed class space mapped at: 0x0000000100000000-0x0000000140000000, reserved size: 1073741824
Narrow klass base: 0x0000000000000000, Narrow klass shift: 3, Narrow klass range: 0x140000000

GC Precious Log:
 CPUs: 8 total, 8 available
 Memory: 7973M
 Large Page Support: Disabled
 NUMA Support: Disabled
 Compressed Oops: Enabled (32-bit)
 Heap Region Size: 1M
 Heap Min Capacity: 8M
 Heap Initial Capacity: 126M
 Heap Max Capacity: 1G
 Pre-touch: Disabled
 Parallel Workers: 8
 Concurrent Workers: 2
 Concurrent Refinement Workers: 8
 Periodic GC: Disabled

Heap:
 garbage-first heap   total 102400K, used 38704K [0x00000000c0000000, 0x0000000100000000)
  region size 1024K, 9 young (9216K), 0 survivors (0K)
 Metaspace       used 59198K, committed 59584K, reserved 1114112K
  class space    used 7389K, committed 7552K, reserved 1048576K

Heap Regions: E=young(eden), S=young(survivor), O=old, HS=humongous(starts), HC=humongous(continues), CS=collection set, F=free, OA=open archive, CA=closed archive, TAMS=top-at-mark-start (previous, next)
|   0|0x00000000c0000000, 0x00000000c0100000, 0x00000000c0100000|100%|HS|  |TAMS 0x00000000c0100000, 0x00000000c0000000| Untracked 
|   1|0x00000000c0100000, 0x00000000c0200000, 0x00000000c0200000|100%|HC|  |TAMS 0x00000000c0200000, 0x00000000c0100000| Untracked 
|   2|0x00000000c0200000, 0x00000000c0300000, 0x00000000c0300000|100%|HC|  |TAMS 0x00000000c0300000, 0x00000000c0200000| Untracked 
|   3|0x00000000c0300000, 0x00000000c0400000, 0x00000000c0400000|100%|HC|  |TAMS 0x00000000c0400000, 0x00000000c0300000| Untracked 
|   4|0x00000000c0400000, 0x00000000c0500000, 0x00000000c0500000|100%|HS|  |TAMS 0x00000000c0500000, 0x00000000c0400000| Untracked 
|   5|0x00000000c0500000, 0x00000000c0600000, 0x00000000c0600000|100%|HC|  |TAMS 0x00000000c0600000, 0x00000000c0500000| Untracked 
|   6|0x00000000c0600000, 0x00000000c0700000, 0x00000000c0700000|100%| O|  |TAMS 0x00000000c0700000, 0x00000000c0600000| Untracked 
|   7|0x00000000c0700000, 0x00000000c0800000, 0x00000000c0800000|100%| O|  |TAMS 0x00000000c0800000, 0x00000000c0700000| Untracked 
|   8|0x00000000c0800000, 0x00000000c0900000, 0x00000000c0900000|100%| O|  |TAMS 0x00000000c0900000, 0x00000000c0800000| Untracked 
|   9|0x00000000c0900000, 0x00000000c09fffd0, 0x00000000c0a00000| 99%| O|  |TAMS 0x00000000c09fffd0, 0x00000000c0900000| Untracked 
|  10|0x00000000c0a00000, 0x00000000c0b00000, 0x00000000c0b00000|100%| O|  |TAMS 0x00000000c0b00000, 0x00000000c0a00000| Untracked 
|  11|0x00000000c0b00000, 0x00000000c0bffff0, 0x00000000c0c00000| 99%| O|  |TAMS 0x00000000c0bffff0, 0x00000000c0b00000| Untracked 
|  12|0x00000000c0c00000, 0x00000000c0cffff8, 0x00000000c0d00000| 99%| O|  |TAMS 0x00000000c0cffff8, 0x00000000c0c00000| Untracked 
|  13|0x00000000c0d00000, 0x00000000c0dfffe0, 0x00000000c0e00000| 99%| O|  |TAMS 0x00000000c0dfffe0, 0x00000000c0d00000| Untracked 
|  14|0x00000000c0e00000, 0x00000000c0f00000, 0x00000000c0f00000|100%| O|  |TAMS 0x00000000c0f00000, 0x00000000c0e00000| Untracked 
|  15|0x00000000c0f00000, 0x00000000c0fffff8, 0x00000000c1000000| 99%| O|  |TAMS 0x00000000c0fffff8, 0x00000000c0f00000| Untracked 
|  16|0x00000000c1000000, 0x00000000c10ffff8, 0x00000000c1100000| 99%| O|  |TAMS 0x00000000c10ffff8, 0x00000000c1000000| Untracked 
|  17|0x00000000c1100000, 0x00000000c11fffb0, 0x00000000c1200000| 99%| O|  |TAMS 0x00000000c11fffb0, 0x00000000c1100000| Untracked 
|  18|0x00000000c1200000, 0x00000000c12ffff8, 0x00000000c1300000| 99%| O|  |TAMS 0x00000000c12ffff8, 0x00000000c1200000| Untracked 
|  19|0x00000000c1300000, 0x00000000c13ff0f0, 0x00000000c1400000| 99%| O|  |TAMS 0x00000000c13ff0f0, 0x00000000c1300000| Untracked 
|  20|0x00000000c1400000, 0x00000000c14ffff0, 0x00000000c1500000| 99%| O|  |TAMS 0x00000000c14ffff0, 0x00000000c1400000| Untracked 
|  21|0x00000000c1500000, 0x00000000c15fffe8, 0x00000000c1600000| 99%| O|  |TAMS 0x00000000c15fffe8, 0x00000000c1500000| Untracked 
|  22|0x00000000c1600000, 0x00000000c16fffe0, 0x00000000c1700000| 99%| O|  |TAMS 0x00000000c16fffe0, 0x00000000c1600000| Untracked 
|  23|0x00000000c1700000, 0x00000000c17ffff0, 0x00000000c1800000| 99%| O|  |TAMS 0x00000000c17ffff0, 0x00000000c1700000| Untracked 
|  24|0x00000000c1800000, 0x00000000c1900000, 0x00000000c1900000|100%| O|  |TAMS 0x00000000c1900000, 0x00000000c1800000| Untracked 
|  25|0x00000000c1900000, 0x00000000c1a00000, 0x00000000c1a00000|100%| O|  |TAMS 0x00000000c1a00000, 0x00000000c1900000| Untracked 
|  26|0x00000000c1a00000, 0x00000000c1afffa0, 0x00000000c1b00000| 99%| O|  |TAMS 0x00000000c1afffa0, 0x00000000c1a00000| Untracked 
|  27|0x00000000c1b00000, 0x00000000c1bd8678, 0x00000000c1c00000| 84%| O|  |TAMS 0x00000000c1b00000, 0x00000000c1b00000| Untracked 
|  28|0x00000000c1c00000, 0x00000000c1cf4c58, 0x00000000c1d00000| 95%| O|  |TAMS 0x00000000c1cf4c58, 0x00000000c1c00000| Untracked 
|  29|0x00000000c1d00000, 0x00000000c1dfffe0, 0x00000000c1e00000| 99%| O|  |TAMS 0x00000000c1dfffe0, 0x00000000c1d00000| Untracked 
|  30|0x00000000c1e00000, 0x00000000c1e000d0, 0x00000000c1f00000|  0%| O|  |TAMS 0x00000000c1e00000, 0x00000000c1e00000| Untracked 
|  31|0x00000000c1f00000, 0x00000000c1f00000, 0x00000000c2000000|  0%| F|  |TAMS 0x00000000c1f00000, 0x00000000c1f00000| Untracked 
|  32|0x00000000c2000000, 0x00000000c2000000, 0x00000000c2100000|  0%| F|  |TAMS 0x00000000c2000000, 0x00000000c2000000| Untracked 
|  33|0x00000000c2100000, 0x00000000c2100000, 0x00000000c2200000|  0%| F|  |TAMS 0x00000000c2100000, 0x00000000c2100000| Untracked 
|  34|0x00000000c2200000, 0x00000000c2200000, 0x00000000c2300000|  0%| F|  |TAMS 0x00000000c2200000, 0x00000000c2200000| Untracked 
|  35|0x00000000c2300000, 0x00000000c2300000, 0x00000000c2400000|  0%| F|  |TAMS 0x00000000c2300000, 0x00000000c2300000| Untracked 
|  36|0x00000000c2400000, 0x00000000c2400000, 0x00000000c2500000|  0%| F|  |TAMS 0x00000000c2400000, 0x00000000c2400000| Untracked 
|  37|0x00000000c2500000, 0x00000000c2500000, 0x00000000c2600000|  0%| F|  |TAMS 0x00000000c2500000, 0x00000000c2500000| Untracked 
|  38|0x00000000c2600000, 0x00000000c2600000, 0x00000000c2700000|  0%| F|  |TAMS 0x00000000c2600000, 0x00000000c2600000| Untracked 
|  39|0x00000000c2700000, 0x00000000c2700000, 0x00000000c2800000|  0%| F|  |TAMS 0x00000000c2700000, 0x00000000c2700000| Untracked 
|  40|0x00000000c2800000, 0x00000000c2800000, 0x00000000c2900000|  0%| F|  |TAMS 0x00000000c2800000, 0x00000000c2800000| Untracked 
|  41|0x00000000c2900000, 0x00000000c2900000, 0x00000000c2a00000|  0%| F|  |TAMS 0x00000000c2900000, 0x00000000c2900000| Untracked 
|  42|0x00000000c2a00000, 0x00000000c2a00000, 0x00000000c2b00000|  0%| F|  |TAMS 0x00000000c2a00000, 0x00000000c2a00000| Untracked 
|  43|0x00000000c2b00000, 0x00000000c2b00000, 0x00000000c2c00000|  0%| F|  |TAMS 0x00000000c2b00000, 0x00000000c2b00000| Untracked 
|  44|0x00000000c2c00000, 0x00000000c2c00000, 0x00000000c2d00000|  0%| F|  |TAMS 0x00000000c2c00000, 0x00000000c2c00000| Untracked 
|  45|0x00000000c2d00000, 0x00000000c2d00000, 0x00000000c2e00000|  0%| F|  |TAMS 0x00000000c2d00000, 0x00000000c2d00000| Untracked 
|  46|0x00000000c2e00000, 0x00000000c2e00000, 0x00000000c2f00000|  0%| F|  |TAMS 0x00000000c2e00000, 0x00000000c2e00000| Untracked 
|  47|0x00000000c2f00000, 0x00000000c2f00000, 0x00000000c3000000|  0%| F|  |TAMS 0x00000000c2f00000, 0x00000000c2f00000| Untracked 
|  48|0x00000000c3000000, 0x00000000c3000000, 0x00000000c3100000|  0%| F|  |TAMS 0x00000000c3000000, 0x00000000c3000000| Untracked 
|  49|0x00000000c3100000, 0x00000000c3100000, 0x00000000c3200000|  0%| F|  |TAMS 0x00000000c3100000, 0x00000000c3100000| Untracked 
|  50|0x00000000c3200000, 0x00000000c3200000, 0x00000000c3300000|  0%| F|  |TAMS 0x00000000c3200000, 0x00000000c3200000| Untracked 
|  51|0x00000000c3300000, 0x00000000c3300000, 0x00000000c3400000|  0%| F|  |TAMS 0x00000000c3300000, 0x00000000c3300000| Untracked 
|  52|0x00000000c3400000, 0x00000000c3400000, 0x00000000c3500000|  0%| F|  |TAMS 0x00000000c3400000, 0x00000000c3400000| Untracked 
|  53|0x00000000c3500000, 0x00000000c3500000, 0x00000000c3600000|  0%| F|  |TAMS 0x00000000c3500000, 0x00000000c3500000| Untracked 
|  54|0x00000000c3600000, 0x00000000c3600000, 0x00000000c3700000|  0%| F|  |TAMS 0x00000000c3600000, 0x00000000c3600000| Untracked 
|  55|0x00000000c3700000, 0x00000000c3700000, 0x00000000c3800000|  0%| F|  |TAMS 0x00000000c3700000, 0x00000000c3700000| Untracked 
|  56|0x00000000c3800000, 0x00000000c3800000, 0x00000000c3900000|  0%| F|  |TAMS 0x00000000c3800000, 0x00000000c3800000| Untracked 
|  57|0x00000000c3900000, 0x00000000c3900000, 0x00000000c3a00000|  0%| F|  |TAMS 0x00000000c3900000, 0x00000000c3900000| Untracked 
|  58|0x00000000c3a00000, 0x00000000c3a00000, 0x00000000c3b00000|  0%| F|  |TAMS 0x00000000c3a00000, 0x00000000c3a00000| Untracked 
|  59|0x00000000c3b00000, 0x00000000c3b00000, 0x00000000c3c00000|  0%| F|  |TAMS 0x00000000c3b00000, 0x00000000c3b00000| Untracked 
|  60|0x00000000c3c00000, 0x00000000c3c00000, 0x00000000c3d00000|  0%| F|  |TAMS 0x00000000c3c00000, 0x00000000c3c00000| Untracked 
|  61|0x00000000c3d00000, 0x00000000c3d00000, 0x00000000c3e00000|  0%| F|  |TAMS 0x00000000c3d00000, 0x00000000c3d00000| Untracked 
|  62|0x00000000c3e00000, 0x00000000c3e00000, 0x00000000c3f00000|  0%| F|  |TAMS 0x00000000c3e00000, 0x00000000c3e00000| Untracked 
|  63|0x00000000c3f00000, 0x00000000c3f00000, 0x00000000c4000000|  0%| F|  |TAMS 0x00000000c3f00000, 0x00000000c3f00000| Untracked 
|  64|0x00000000c4000000, 0x00000000c4000000, 0x00000000c4100000|  0%| F|  |TAMS 0x00000000c4000000, 0x00000000c4000000| Untracked 
|  65|0x00000000c4100000, 0x00000000c4100000, 0x00000000c4200000|  0%| F|  |TAMS 0x00000000c4100000, 0x00000000c4100000| Untracked 
|  66|0x00000000c4200000, 0x00000000c4200000, 0x00000000c4300000|  0%| F|  |TAMS 0x00000000c4200000, 0x00000000c4200000| Untracked 
|  67|0x00000000c4300000, 0x00000000c4300000, 0x00000000c4400000|  0%| F|  |TAMS 0x00000000c4300000, 0x00000000c4300000| Untracked 
|  68|0x00000000c4400000, 0x00000000c4400000, 0x00000000c4500000|  0%| F|  |TAMS 0x00000000c4400000, 0x00000000c4400000| Untracked 
|  69|0x00000000c4500000, 0x00000000c4500000, 0x00000000c4600000|  0%| F|  |TAMS 0x00000000c4500000, 0x00000000c4500000| Untracked 
|  70|0x00000000c4600000, 0x00000000c4600000, 0x00000000c4700000|  0%| F|  |TAMS 0x00000000c4600000, 0x00000000c4600000| Untracked 
|  71|0x00000000c4700000, 0x00000000c4700000, 0x00000000c4800000|  0%| F|  |TAMS 0x00000000c4700000, 0x00000000c4700000| Untracked 
|  72|0x00000000c4800000, 0x00000000c4800000, 0x00000000c4900000|  0%| F|  |TAMS 0x00000000c4800000, 0x00000000c4800000| Untracked 
|  73|0x00000000c4900000, 0x00000000c4900000, 0x00000000c4a00000|  0%| F|  |TAMS 0x00000000c4900000, 0x00000000c4900000| Untracked 
|  74|0x00000000c4a00000, 0x00000000c4a00000, 0x00000000c4b00000|  0%| F|  |TAMS 0x00000000c4a00000, 0x00000000c4a00000| Untracked 
|  75|0x00000000c4b00000, 0x00000000c4b00000, 0x00000000c4c00000|  0%| F|  |TAMS 0x00000000c4b00000, 0x00000000c4b00000| Untracked 
|  76|0x00000000c4c00000, 0x00000000c4c00000, 0x00000000c4d00000|  0%| F|  |TAMS 0x00000000c4c00000, 0x00000000c4c00000| Untracked 
|  77|0x00000000c4d00000, 0x00000000c4d00000, 0x00000000c4e00000|  0%| F|  |TAMS 0x00000000c4d00000, 0x00000000c4d00000| Untracked 
|  78|0x00000000c4e00000, 0x00000000c4e00000, 0x00000000c4f00000|  0%| F|  |TAMS 0x00000000c4e00000, 0x00000000c4e00000| Untracked 
|  79|0x00000000c4f00000, 0x00000000c4f00000, 0x00000000c5000000|  0%| F|  |TAMS 0x00000000c4f00000, 0x00000000c4f00000| Untracked 
|  80|0x00000000c5000000, 0x00000000c5000000, 0x00000000c5100000|  0%| F|  |TAMS 0x00000000c5000000, 0x00000000c5000000| Untracked 
|  81|0x00000000c5100000, 0x00000000c5100000, 0x00000000c5200000|  0%| F|  |TAMS 0x00000000c5100000, 0x00000000c5100000| Untracked 
|  82|0x00000000c5200000, 0x00000000c5200000, 0x00000000c5300000|  0%| F|  |TAMS 0x00000000c5200000, 0x00000000c5200000| Untracked 
|  83|0x00000000c5300000, 0x00000000c5300000, 0x00000000c5400000|  0%| F|  |TAMS 0x00000000c5300000, 0x00000000c5300000| Untracked 
|  84|0x00000000c5400000, 0x00000000c5400000, 0x00000000c5500000|  0%| F|  |TAMS 0x00000000c5400000, 0x00000000c5400000| Untracked 
|  85|0x00000000c5500000, 0x00000000c5500000, 0x00000000c5600000|  0%| F|  |TAMS 0x00000000c5500000, 0x00000000c5500000| Untracked 
|  86|0x00000000c5600000, 0x00000000c5600000, 0x00000000c5700000|  0%| F|  |TAMS 0x00000000c5600000, 0x00000000c5600000| Untracked 
|  87|0x00000000c5700000, 0x00000000c5700000, 0x00000000c5800000|  0%| F|  |TAMS 0x00000000c5700000, 0x00000000c5700000| Untracked 
|  88|0x00000000c5800000, 0x00000000c5800000, 0x00000000c5900000|  0%| F|  |TAMS 0x00000000c5800000, 0x00000000c5800000| Untracked 
|  89|0x00000000c5900000, 0x00000000c5900000, 0x00000000c5a00000|  0%| F|  |TAMS 0x00000000c5900000, 0x00000000c5900000| Untracked 
|  90|0x00000000c5a00000, 0x00000000c5a00000, 0x00000000c5b00000|  0%| F|  |TAMS 0x00000000c5a00000, 0x00000000c5a00000| Untracked 
|  91|0x00000000c5b00000, 0x00000000c5b92060, 0x00000000c5c00000| 57%| E|  |TAMS 0x00000000c5b00000, 0x00000000c5b00000| Complete 
|  92|0x00000000c5c00000, 0x00000000c5d00000, 0x00000000c5d00000|100%| E|CS|TAMS 0x00000000c5c00000, 0x00000000c5c00000| Complete 
|  93|0x00000000c5d00000, 0x00000000c5e00000, 0x00000000c5e00000|100%| E|CS|TAMS 0x00000000c5d00000, 0x00000000c5d00000| Complete 
|  94|0x00000000c5e00000, 0x00000000c5f00000, 0x00000000c5f00000|100%| E|CS|TAMS 0x00000000c5e00000, 0x00000000c5e00000| Complete 
|  95|0x00000000c5f00000, 0x00000000c6000000, 0x00000000c6000000|100%| E|CS|TAMS 0x00000000c5f00000, 0x00000000c5f00000| Complete 
|  96|0x00000000c6000000, 0x00000000c6100000, 0x00000000c6100000|100%| E|CS|TAMS 0x00000000c6000000, 0x00000000c6000000| Complete 
|  97|0x00000000c6100000, 0x00000000c6200000, 0x00000000c6200000|100%| E|CS|TAMS 0x00000000c6100000, 0x00000000c6100000| Complete 
|  98|0x00000000c6200000, 0x00000000c6300000, 0x00000000c6300000|100%| E|CS|TAMS 0x00000000c6200000, 0x00000000c6200000| Complete 
|  99|0x00000000c6300000, 0x00000000c6400000, 0x00000000c6400000|100%| E|CS|TAMS 0x00000000c6300000, 0x00000000c6300000| Complete 

Card table byte_map: [0x000001bd65b40000,0x000001bd65d40000] _byte_map_base: 0x000001bd65540000

Marking Bits (Prev, Next): (CMBitMap*) 0x000001bd5fbea380, (CMBitMap*) 0x000001bd5fbea340
 Prev Bits: [0x000001bd66f40000, 0x000001bd67f40000)
 Next Bits: [0x000001bd65f40000, 0x000001bd66f40000)

Polling page: 0x000001bd5db80000

Metaspace:

Usage:
  Non-class:     50.59 MB used.
      Class:      7.22 MB used.
       Both:     57.81 MB used.

Virtual space:
  Non-class space:       64.00 MB reserved,      50.81 MB ( 79%) committed,  1 nodes.
      Class space:        1.00 GB reserved,       7.38 MB ( <1%) committed,  1 nodes.
             Both:        1.06 GB reserved,      58.19 MB (  5%) committed. 

Chunk freelists:
   Non-Class:  13.14 MB
       Class:  8.45 MB
        Both:  21.59 MB

MaxMetaspaceSize: unlimited
CompressedClassSpaceSize: 1.00 GB
Initial GC threshold: 21.00 MB
Current GC threshold: 96.88 MB
CDS: off
MetaspaceReclaimPolicy: balanced
 - commit_granule_bytes: 65536.
 - commit_granule_words: 8192.
 - virtual_space_node_default_size: 8388608.
 - enlarge_chunks_in_place: 1.
 - new_chunks_are_fully_committed: 0.
 - uncommit_free_chunks: 1.
 - use_allocation_guard: 0.
 - handle_deallocations: 1.


Internal statistics:

num_allocs_failed_limit: 9.
num_arena_births: 782.
num_arena_deaths: 278.
num_vsnodes_births: 2.
num_vsnodes_deaths: 0.
num_space_committed: 932.
num_space_uncommitted: 1.
num_chunks_returned_to_freelist: 349.
num_chunks_taken_from_freelist: 2767.
num_chunk_merges: 105.
num_chunk_splits: 1806.
num_chunks_enlarged: 1345.
num_inconsistent_stats: 0.

CodeCache: size=49152Kb used=17275Kb max_used=18368Kb free=31876Kb
 bounds [0x000001bd62830000, 0x000001bd63a40000, 0x000001bd65830000]
 total_blobs=9678 nmethods=9002 adapters=601
 compilation: enabled
              stopped_count=0, restarted_count=0
 full_count=0

Compilation events (20 events):
Event: 14056.036 Thread 0x000001bd6ab83740 9010       1       org.eclipse.jdt.internal.compiler.lookup.ParameterizedTypeBinding::hasMemberTypes (8 bytes)
Event: 14056.036 Thread 0x000001bd6ab83740 nmethod 9010 0x000001bd63899490 code [0x000001bd63899620, 0x000001bd63899708]
Event: 14056.050 Thread 0x000001bd6ab83740 9011       1       org.eclipse.jdt.internal.compiler.parser.ScannerHelper::digit (147 bytes)
Event: 14056.050 Thread 0x000001bd6ab83740 nmethod 9011 0x000001bd63898f90 code [0x000001bd63899160, 0x000001bd63899428]
Event: 14056.169 Thread 0x000001bd71619f90 9012       1       org.eclipse.jdt.internal.compiler.CompilationResult::record (214 bytes)
Event: 14056.172 Thread 0x000001bd71619f90 nmethod 9012 0x000001bd63898110 code [0x000001bd63898360, 0x000001bd63898ca8]
Event: 14056.175 Thread 0x000001bd6ab83740 9013       1       org.eclipse.jdt.internal.compiler.DefaultErrorHandlingPolicies$5::ignoreAllErrors (2 bytes)
Event: 14056.175 Thread 0x000001bd6ab83740 nmethod 9013 0x000001bd63897e10 code [0x000001bd63897fa0, 0x000001bd63898078]
Event: 14056.177 Thread 0x000001bd71619f90 9015       1       org.eclipse.jdt.internal.compiler.ClassFile::completeArgumentAnnotationInfo (45 bytes)
Event: 14056.177 Thread 0x000001bd6ab83740 9014       1       org.eclipse.jdt.internal.compiler.ClassFile::propagateRecordComponentArguments (160 bytes)
Event: 14056.177 Thread 0x000001bd71619f90 nmethod 9015 0x000001bd63897890 code [0x000001bd63897a40, 0x000001bd63897c58]
Event: 14056.177 Thread 0x000001bd71619f90 9016       1       org.eclipse.jdt.internal.compiler.ClassFile::addProblemMethod (281 bytes)
Event: 14056.178 Thread 0x000001bd6ab83740 nmethod 9014 0x000001bd63897010 code [0x000001bd63897200, 0x000001bd63897568]
Event: 14056.181 Thread 0x000001bd71619f90 nmethod 9016 0x000001bd63895690 code [0x000001bd638959c0, 0x000001bd63896538]
Event: 14056.223 Thread 0x000001bd71619f90 9017       1       java.util.concurrent.ScheduledThreadPoolExecutor::triggerTime (22 bytes)
Event: 14056.223 Thread 0x000001bd71619f90 nmethod 9017 0x000001bd63895310 code [0x000001bd638954a0, 0x000001bd638955c8]
Event: 14056.256 Thread 0x000001bd71619f90 9018       1       com.google.gson.internal.$Gson$Types::indexOf (36 bytes)
Event: 14056.258 Thread 0x000001bd71619f90 nmethod 9018 0x000001bd63894e90 code [0x000001bd63895040, 0x000001bd638951f8]
Event: 14115.836 Thread 0x000001bd6ab83740 9019   !   1       java.lang.ThreadGroup::remove (94 bytes)
Event: 14115.837 Thread 0x000001bd6ab83740 nmethod 9019 0x000001bd63894710 code [0x000001bd638948c0, 0x000001bd63894c28]

GC Heap History (20 events):
Event: 14879.440 GC heap before
{Heap before GC invocations=1006 (full 942):
 garbage-first heap   total 102400K, used 30512K [0x00000000c0000000, 0x0000000100000000)
  region size 1024K, 1 young (1024K), 0 survivors (0K)
 Metaspace       used 59198K, committed 59584K, reserved 1114112K
  class space    used 7389K, committed 7552K, reserved 1048576K
}
Event: 14879.475 GC heap after
{Heap after GC invocations=1007 (full 943):
 garbage-first heap   total 102400K, used 30512K [0x00000000c0000000, 0x0000000100000000)
  region size 1024K, 0 young (0K), 0 survivors (0K)
 Metaspace       used 59198K, committed 59584K, reserved 1114112K
  class space    used 7389K, committed 7552K, reserved 1048576K
}
Event: 14889.615 GC heap before
{Heap before GC invocations=1007 (full 943):
 garbage-first heap   total 102400K, used 30512K [0x00000000c0000000, 0x0000000100000000)
  region size 1024K, 1 young (1024K), 0 survivors (0K)
 Metaspace       used 59198K, committed 59584K, reserved 1114112K
  class space    used 7389K, committed 7552K, reserved 1048576K
}
Event: 14889.647 GC heap after
{Heap after GC invocations=1008 (full 944):
 garbage-first heap   total 102400K, used 30512K [0x00000000c0000000, 0x0000000100000000)
  region size 1024K, 0 young (0K), 0 survivors (0K)
 Metaspace       used 59198K, committed 59584K, reserved 1114112K
  class space    used 7389K, committed 7552K, reserved 1048576K
}
Event: 14899.845 GC heap before
{Heap before GC invocations=1008 (full 944):
 garbage-first heap   total 102400K, used 30512K [0x00000000c0000000, 0x0000000100000000)
  region size 1024K, 1 young (1024K), 0 survivors (0K)
 Metaspace       used 59198K, committed 59584K, reserved 1114112K
  class space    used 7389K, committed 7552K, reserved 1048576K
}
Event: 14899.878 GC heap after
{Heap after GC invocations=1009 (full 945):
 garbage-first heap   total 102400K, used 30512K [0x00000000c0000000, 0x0000000100000000)
  region size 1024K, 0 young (0K), 0 survivors (0K)
 Metaspace       used 59198K, committed 59584K, reserved 1114112K
  class space    used 7389K, committed 7552K, reserved 1048576K
}
Event: 14910.020 GC heap before
{Heap before GC invocations=1009 (full 945):
 garbage-first heap   total 102400K, used 30512K [0x00000000c0000000, 0x0000000100000000)
  region size 1024K, 1 young (1024K), 0 survivors (0K)
 Metaspace       used 59198K, committed 59584K, reserved 1114112K
  class space    used 7389K, committed 7552K, reserved 1048576K
}
Event: 14910.052 GC heap after
{Heap after GC invocations=1010 (full 946):
 garbage-first heap   total 102400K, used 30512K [0x00000000c0000000, 0x0000000100000000)
  region size 1024K, 0 young (0K), 0 survivors (0K)
 Metaspace       used 59198K, committed 59584K, reserved 1114112K
  class space    used 7389K, committed 7552K, reserved 1048576K
}
Event: 14920.194 GC heap before
{Heap before GC invocations=1010 (full 946):
 garbage-first heap   total 102400K, used 30512K [0x00000000c0000000, 0x0000000100000000)
  region size 1024K, 1 young (1024K), 0 survivors (0K)
 Metaspace       used 59198K, committed 59584K, reserved 1114112K
  class space    used 7389K, committed 7552K, reserved 1048576K
}
Event: 14920.227 GC heap after
{Heap after GC invocations=1011 (full 947):
 garbage-first heap   total 102400K, used 30512K [0x00000000c0000000, 0x0000000100000000)
  region size 1024K, 0 young (0K), 0 survivors (0K)
 Metaspace       used 59198K, committed 59584K, reserved 1114112K
  class space    used 7389K, committed 7552K, reserved 1048576K
}
Event: 14930.381 GC heap before
{Heap before GC invocations=1011 (full 947):
 garbage-first heap   total 102400K, used 30512K [0x00000000c0000000, 0x0000000100000000)
  region size 1024K, 1 young (1024K), 0 survivors (0K)
 Metaspace       used 59198K, committed 59584K, reserved 1114112K
  class space    used 7389K, committed 7552K, reserved 1048576K
}
Event: 14930.413 GC heap after
{Heap after GC invocations=1012 (full 948):
 garbage-first heap   total 102400K, used 30512K [0x00000000c0000000, 0x0000000100000000)
  region size 1024K, 0 young (0K), 0 survivors (0K)
 Metaspace       used 59198K, committed 59584K, reserved 1114112K
  class space    used 7389K, committed 7552K, reserved 1048576K
}
Event: 14940.598 GC heap before
{Heap before GC invocations=1012 (full 948):
 garbage-first heap   total 102400K, used 30512K [0x00000000c0000000, 0x0000000100000000)
  region size 1024K, 1 young (1024K), 0 survivors (0K)
 Metaspace       used 59198K, committed 59584K, reserved 1114112K
  class space    used 7389K, committed 7552K, reserved 1048576K
}
Event: 14940.640 GC heap after
{Heap after GC invocations=1013 (full 949):
 garbage-first heap   total 102400K, used 30512K [0x00000000c0000000, 0x0000000100000000)
  region size 1024K, 0 young (0K), 0 survivors (0K)
 Metaspace       used 59198K, committed 59584K, reserved 1114112K
  class space    used 7389K, committed 7552K, reserved 1048576K
}
Event: 14950.857 GC heap before
{Heap before GC invocations=1013 (full 949):
 garbage-first heap   total 102400K, used 30512K [0x00000000c0000000, 0x0000000100000000)
  region size 1024K, 1 young (1024K), 0 survivors (0K)
 Metaspace       used 59198K, committed 59584K, reserved 1114112K
  class space    used 7389K, committed 7552K, reserved 1048576K
}
Event: 14950.908 GC heap after
{Heap after GC invocations=1014 (full 950):
 garbage-first heap   total 102400K, used 30512K [0x00000000c0000000, 0x0000000100000000)
  region size 1024K, 0 young (0K), 0 survivors (0K)
 Metaspace       used 59198K, committed 59584K, reserved 1114112K
  class space    used 7389K, committed 7552K, reserved 1048576K
}
Event: 14961.047 GC heap before
{Heap before GC invocations=1014 (full 950):
 garbage-first heap   total 102400K, used 30512K [0x00000000c0000000, 0x0000000100000000)
  region size 1024K, 1 young (1024K), 0 survivors (0K)
 Metaspace       used 59198K, committed 59584K, reserved 1114112K
  class space    used 7389K, committed 7552K, reserved 1048576K
}
Event: 14961.080 GC heap after
{Heap after GC invocations=1015 (full 951):
 garbage-first heap   total 102400K, used 30512K [0x00000000c0000000, 0x0000000100000000)
  region size 1024K, 0 young (0K), 0 survivors (0K)
 Metaspace       used 59198K, committed 59584K, reserved 1114112K
  class space    used 7389K, committed 7552K, reserved 1048576K
}
Event: 14971.215 GC heap before
{Heap before GC invocations=1015 (full 951):
 garbage-first heap   total 102400K, used 30512K [0x00000000c0000000, 0x0000000100000000)
  region size 1024K, 1 young (1024K), 0 survivors (0K)
 Metaspace       used 59198K, committed 59584K, reserved 1114112K
  class space    used 7389K, committed 7552K, reserved 1048576K
}
Event: 14971.250 GC heap after
{Heap after GC invocations=1016 (full 952):
 garbage-first heap   total 102400K, used 30512K [0x00000000c0000000, 0x0000000100000000)
  region size 1024K, 0 young (0K), 0 survivors (0K)
 Metaspace       used 59198K, committed 59584K, reserved 1114112K
  class space    used 7389K, committed 7552K, reserved 1048576K
}

Dll operation events (10 events):
Event: 0.019 Loaded shared library c:\Users\Microsoft\.vscode\extensions\redhat.java-1.30.0-win32-x64\jre\17.0.10-win32-x86_64\bin\java.dll
Event: 0.843 Loaded shared library C:\Users\Microsoft\.vscode\extensions\redhat.java-1.30.0-win32-x64\jre\17.0.10-win32-x86_64\bin\net.dll
Event: 0.850 Loaded shared library C:\Users\Microsoft\.vscode\extensions\redhat.java-1.30.0-win32-x64\jre\17.0.10-win32-x86_64\bin\nio.dll
Event: 0.875 Loaded shared library C:\Users\Microsoft\.vscode\extensions\redhat.java-1.30.0-win32-x64\jre\17.0.10-win32-x86_64\bin\zip.dll
Event: 1.446 Loaded shared library C:\Users\Microsoft\.vscode\extensions\redhat.java-1.30.0-win32-x64\jre\17.0.10-win32-x86_64\bin\jimage.dll
Event: 5.551 Loaded shared library c:\Users\Microsoft\.vscode\extensions\redhat.java-1.30.0-win32-x64\jre\17.0.10-win32-x86_64\bin\verify.dll
Event: 14.703 Loaded shared library C:\Users\Microsoft\.vscode\extensions\redhat.java-1.30.0-win32-x64\jre\17.0.10-win32-x86_64\bin\management.dll
Event: 14.708 Loaded shared library C:\Users\Microsoft\.vscode\extensions\redhat.java-1.30.0-win32-x64\jre\17.0.10-win32-x86_64\bin\management_ext.dll
Event: 16.477 Loaded shared library C:\Users\Microsoft\.vscode\extensions\redhat.java-1.30.0-win32-x64\jre\17.0.10-win32-x86_64\bin\sunmscapi.dll
Event: 16.947 Loaded shared library C:\Users\Microsoft\.vscode\extensions\redhat.java-1.30.0-win32-x64\jre\17.0.10-win32-x86_64\bin\extnet.dll

Deoptimization events (20 events):
Event: 16.642 Thread 0x000001bd7063bf80 DEOPT PACKING pc=0x000001bd62a1ec0c sp=0x000000aba3ffa780
Event: 16.642 Thread 0x000001bd7063bf80 DEOPT UNPACKING pc=0x000001bd6288ace3 sp=0x000000aba3ff9c48 mode 0
Event: 18.317 Thread 0x000001bd7063dde0 DEOPT PACKING pc=0x000001bd62fa4fa4 sp=0x000000aba39ff380
Event: 18.317 Thread 0x000001bd7063dde0 DEOPT UNPACKING pc=0x000001bd6288ace3 sp=0x000000aba39fe868 mode 0
Event: 18.328 Thread 0x000001bd70511f90 DEOPT PACKING pc=0x000001bd62fa4fa4 sp=0x000000aba33ff100
Event: 18.328 Thread 0x000001bd70511f90 DEOPT UNPACKING pc=0x000001bd6288ace3 sp=0x000000aba33fe5e8 mode 0
Event: 524.629 Thread 0x000001bd700c5050 DEOPT PACKING pc=0x000001bd62ecd354 sp=0x000000aba2afece0
Event: 524.630 Thread 0x000001bd700c5050 DEOPT UNPACKING pc=0x000001bd6288ace3 sp=0x000000aba2afe168 mode 0
Event: 6524.972 Thread 0x000001bd705124a0 DEOPT PACKING pc=0x000001bd630e488c sp=0x000000aba30fdf10
Event: 6524.973 Thread 0x000001bd705124a0 DEOPT UNPACKING pc=0x000001bd6288ace3 sp=0x000000aba30fd478 mode 0
Event: 6524.973 Thread 0x000001bd705124a0 DEOPT PACKING pc=0x000001bd6316c74c sp=0x000000aba30fe040
Event: 6524.973 Thread 0x000001bd705124a0 DEOPT UNPACKING pc=0x000001bd6288ace3 sp=0x000000aba30fd520 mode 0
Event: 6524.974 Thread 0x000001bd705124a0 DEOPT PACKING pc=0x000001bd630e488c sp=0x000000aba30fe170
Event: 6524.974 Thread 0x000001bd705124a0 DEOPT UNPACKING pc=0x000001bd6288ace3 sp=0x000000aba30fd6d8 mode 0
Event: 6524.974 Thread 0x000001bd705124a0 DEOPT PACKING pc=0x000001bd6316c74c sp=0x000000aba30fe2a0
Event: 6524.974 Thread 0x000001bd705124a0 DEOPT UNPACKING pc=0x000001bd6288ace3 sp=0x000000aba30fd798 mode 0
Event: 6524.994 Thread 0x000001bd705124a0 DEOPT PACKING pc=0x000001bd630e488c sp=0x000000aba30fe610
Event: 6524.994 Thread 0x000001bd705124a0 DEOPT UNPACKING pc=0x000001bd6288ace3 sp=0x000000aba30fdb78 mode 0
Event: 6524.994 Thread 0x000001bd705124a0 DEOPT PACKING pc=0x000001bd6316c74c sp=0x000000aba30fe740
Event: 6524.994 Thread 0x000001bd705124a0 DEOPT UNPACKING pc=0x000001bd6288ace3 sp=0x000000aba30fdc38 mode 0

Classes unloaded (20 events):
Event: 6660.253 Thread 0x000001bd6a9df070 Unloading class 0x00000001003b1800 'java/lang/invoke/LambdaForm$MH+0x00000001003b1800'
Event: 6660.253 Thread 0x000001bd6a9df070 Unloading class 0x00000001003b4800 'java/lang/invoke/LambdaForm$MH+0x00000001003b4800'
Event: 6660.254 Thread 0x000001bd6a9df070 Unloading class 0x0000000100408000 'java/lang/invoke/LambdaForm$MH+0x0000000100408000'
Event: 6660.254 Thread 0x000001bd6a9df070 Unloading class 0x000000010042c400 'java/lang/invoke/LambdaForm$MH+0x000000010042c400'
Event: 6660.254 Thread 0x000001bd6a9df070 Unloading class 0x000000010042e000 'java/lang/invoke/LambdaForm$MH+0x000000010042e000'
Event: 6660.254 Thread 0x000001bd6a9df070 Unloading class 0x0000000100484400 'java/lang/invoke/LambdaForm$MH+0x0000000100484400'
Event: 6660.254 Thread 0x000001bd6a9df070 Unloading class 0x0000000100515000 'java/lang/invoke/LambdaForm$MH+0x0000000100515000'
Event: 6660.254 Thread 0x000001bd6a9df070 Unloading class 0x0000000100548000 'java/lang/invoke/LambdaForm$MH+0x0000000100548000'
Event: 6660.254 Thread 0x000001bd6a9df070 Unloading class 0x000000010055d000 'java/lang/invoke/LambdaForm$MH+0x000000010055d000'
Event: 6671.422 Thread 0x000001bd6a9df070 Unloading class 0x0000000100096000 'jdk/internal/reflect/GeneratedMethodAccessor20'
Event: 6671.422 Thread 0x000001bd6a9df070 Unloading class 0x0000000100251000 'jdk/internal/reflect/GeneratedConstructorAccessor48'
Event: 6671.422 Thread 0x000001bd6a9df070 Unloading class 0x0000000100265c00 'jdk/internal/reflect/GeneratedMethodAccessor19'
Event: 6671.422 Thread 0x000001bd6a9df070 Unloading class 0x0000000100266800 'jdk/internal/reflect/GeneratedConstructorAccessor47'
Event: 6671.422 Thread 0x000001bd6a9df070 Unloading class 0x0000000100320400 'jdk/internal/reflect/GeneratedMethodAccessor18'
Event: 6671.422 Thread 0x000001bd6a9df070 Unloading class 0x00000001003a0000 'jdk/internal/reflect/GeneratedMethodAccessor17'
Event: 6671.422 Thread 0x000001bd6a9df070 Unloading class 0x00000001003a1400 'jdk/internal/reflect/GeneratedMethodAccessor16'
Event: 9434.375 Thread 0x000001bd6a9df070 Unloading class 0x00000001003a0000 'java/lang/invoke/LambdaForm$MH+0x00000001003a0000'
Event: 9434.375 Thread 0x000001bd6a9df070 Unloading class 0x0000000100320400 'java/lang/invoke/LambdaForm$MH+0x0000000100320400'
Event: 9434.375 Thread 0x000001bd6a9df070 Unloading class 0x0000000100266800 'java/lang/invoke/LambdaForm$MH+0x0000000100266800'
Event: 9434.375 Thread 0x000001bd6a9df070 Unloading class 0x0000000100265c00 'java/lang/invoke/LambdaForm$MH+0x0000000100265c00'

Classes redefined (0 events):
No events

Internal exceptions (20 events):
Event: 16.356 Thread 0x000001bd7063bf80 Exception <a 'java/lang/NoSuchMethodError'{0x00000000c39eaf28}: 'java.lang.Object java.lang.invoke.DirectMethodHandle$Holder.newInvokeSpecial(java.lang.Object, java.lang.Object, int)'> (0x00000000c39eaf28) 
thrown [s\src\hotspot\share\interpreter\linkResolver.cpp, line 759]
Event: 16.365 Thread 0x000001bd706382c0 Exception <a 'java/lang/NoSuchMethodError'{0x00000000c384d190}: 'java.lang.Object java.lang.invoke.Invokers$Holder.invoke_MT(java.lang.Object, java.lang.Object, java.lang.Object)'> (0x00000000c384d190) 
thrown [s\src\hotspot\share\interpreter\linkResolver.cpp, line 759]
Event: 16.631 Thread 0x000001bd7063bf80 Exception <a 'sun/nio/fs/WindowsException'{0x00000000c3d49c50}> (0x00000000c3d49c50) 
thrown [s\src\hotspot\share\prims\jni.cpp, line 516]
Event: 17.187 Thread 0x000001bd706382c0 Exception <a 'java/lang/IncompatibleClassChangeError'{0x00000000c3d058e8}: Found class java.lang.Object, but interface was expected> (0x00000000c3d058e8) 
thrown [s\src\hotspot\share\interpreter\linkResolver.cpp, line 826]
Event: 17.283 Thread 0x000001bd706382c0 Exception <a 'java/lang/NoSuchMethodError'{0x00000000c4d608a8}: 'int java.lang.invoke.DirectMethodHandle$Holder.invokeSpecialIFC(java.lang.Object, java.lang.Object, java.lang.Object)'> (0x00000000c4d608a8) 
thrown [s\src\hotspot\share\interpreter\linkResolver.cpp, line 759]
Event: 17.621 Thread 0x000001bd706382c0 Exception <a 'java/lang/NoSuchMethodError'{0x00000000c4eb1df0}: 'java.lang.Object java.lang.invoke.DirectMethodHandle$Holder.newInvokeSpecial(java.lang.Object, java.lang.Object, java.lang.Object, java.lang.Object, int)'> (0x00000000c4eb1df0) 
thrown [s\src\hotspot\share\interpreter\linkResolver.cpp, line 759]
Event: 17.622 Thread 0x000001bd706382c0 Exception <a 'java/lang/NoSuchMethodError'{0x00000000c4eb64c8}: 'java.lang.Object java.lang.invoke.DirectMethodHandle$Holder.invokeSpecial(java.lang.Object, java.lang.Object, java.lang.Object, java.lang.Object, java.lang.Object, int)'> (0x00000000c4eb64c8) 
thrown [s\src\hotspot\share\interpreter\linkResolver.cpp, line 759]
Event: 17.622 Thread 0x000001bd706382c0 Exception <a 'java/lang/NoSuchMethodError'{0x00000000c4eba258}: 'java.lang.Object java.lang.invoke.Invokers$Holder.linkToTargetMethod(java.lang.Object, java.lang.Object, java.lang.Object, int, java.lang.Object)'> (0x00000000c4eba258) 
thrown [s\src\hotspot\share\interpreter\linkResolver.cpp, line 759]
Event: 17.743 Thread 0x000001bd706382c0 Exception <a 'java/lang/NoSuchMethodError'{0x00000000c4cfcf00}: 'java.lang.Object java.lang.invoke.DirectMethodHandle$Holder.newInvokeSpecial(java.lang.Object, java.lang.Object, java.lang.Object, int)'> (0x00000000c4cfcf00) 
thrown [s\src\hotspot\share\interpreter\linkResolver.cpp, line 759]
Event: 17.743 Thread 0x000001bd706382c0 Exception <a 'java/lang/NoSuchMethodError'{0x00000000c4b5bfc0}: 'java.lang.Object java.lang.invoke.DirectMethodHandle$Holder.invokeSpecial(java.lang.Object, java.lang.Object, java.lang.Object, java.lang.Object, int)'> (0x00000000c4b5bfc0) 
thrown [s\src\hotspot\share\interpreter\linkResolver.cpp, line 759]
Event: 17.744 Thread 0x000001bd706382c0 Exception <a 'java/lang/NoSuchMethodError'{0x00000000c4b5f998}: 'java.lang.Object java.lang.invoke.Invokers$Holder.linkToTargetMethod(java.lang.Object, java.lang.Object, int, java.lang.Object)'> (0x00000000c4b5f998) 
thrown [s\src\hotspot\share\interpreter\linkResolver.cpp, line 759]
Event: 17.885 Thread 0x000001bd706382c0 Exception <a 'java/lang/NoSuchMethodError'{0x00000000c42e2470}: 'int java.lang.invoke.DirectMethodHandle$Holder.invokeStatic(java.lang.Object, int, java.lang.Object)'> (0x00000000c42e2470) 
thrown [s\src\hotspot\share\interpreter\linkResolver.cpp, line 759]
Event: 18.168 Thread 0x000001bd7063b560 Exception <a 'java/lang/NoSuchMethodError'{0x00000000c519a8a8}: 'int java.lang.invoke.DirectMethodHandle$Holder.invokeVirtual(java.lang.Object, java.lang.Object, int)'> (0x00000000c519a8a8) 
thrown [s\src\hotspot\share\interpreter\linkResolver.cpp, line 759]
Event: 64.681 Thread 0x000001bd70475750 Exception <a 'java/lang/NoSuchMethodError'{0x00000000c7c2ede0}: 'void java.lang.invoke.DirectMethodHandle$Holder.invokeStatic(java.lang.Object, long)'> (0x00000000c7c2ede0) 
thrown [s\src\hotspot\share\interpreter\linkResolver.cpp, line 759]
Event: 64.682 Thread 0x000001bd70475750 Exception <a 'java/lang/NoSuchMethodError'{0x00000000c7c34190}: 'java.lang.Object java.lang.invoke.DirectMethodHandle$Holder.newInvokeSpecial(java.lang.Object, long)'> (0x00000000c7c34190) 
thrown [s\src\hotspot\share\interpreter\linkResolver.cpp, line 759]
Event: 317.925 Thread 0x000001bd7063e800 Exception <a 'java/io/IOException'{0x00000000c7d6a2f0}> (0x00000000c7d6a2f0) 
thrown [s\src\hotspot\share\prims\jni.cpp, line 516]
Event: 318.169 Thread 0x000001bd706387d0 Exception <a 'java/io/IOException'{0x00000000c7d77738}> (0x00000000c7d77738) 
thrown [s\src\hotspot\share\prims\jni.cpp, line 516]
Event: 318.829 Thread 0x000001bd7063b050 Exception <a 'java/io/IOException'{0x00000000c7d7aba0}> (0x00000000c7d7aba0) 
thrown [s\src\hotspot\share\prims\jni.cpp, line 516]
Event: 9384.999 Thread 0x000001bd706391f0 Implicit null exception at 0x000001bd63422a06 to 0x000001bd63422a88
Event: 9385.000 Thread 0x000001bd706391f0 Exception <a 'java/lang/NullPointerException'{0x00000000c4d1c520}> (0x00000000c4d1c520) 
thrown [s\src\hotspot\share\runtime\sharedRuntime.cpp, line 631]

VM Operations (20 events):
Event: 14879.475 Executing VM operation: G1CollectFull done
Event: 14889.615 Executing VM operation: G1CollectFull
Event: 14889.647 Executing VM operation: G1CollectFull done
Event: 14899.845 Executing VM operation: G1CollectFull
Event: 14899.878 Executing VM operation: G1CollectFull done
Event: 14910.020 Executing VM operation: G1CollectFull
Event: 14910.052 Executing VM operation: G1CollectFull done
Event: 14920.193 Executing VM operation: G1CollectFull
Event: 14920.227 Executing VM operation: G1CollectFull done
Event: 14930.381 Executing VM operation: G1CollectFull
Event: 14930.413 Executing VM operation: G1CollectFull done
Event: 14940.597 Executing VM operation: G1CollectFull
Event: 14940.640 Executing VM operation: G1CollectFull done
Event: 14950.856 Executing VM operation: G1CollectFull
Event: 14950.908 Executing VM operation: G1CollectFull done
Event: 14961.047 Executing VM operation: G1CollectFull
Event: 14961.081 Executing VM operation: G1CollectFull done
Event: 14971.215 Executing VM operation: G1CollectFull
Event: 14971.250 Executing VM operation: G1CollectFull done
Event: 15171.792 Executing VM operation: G1CollectFull

Events (20 events):
Event: 14055.912 Thread 0x000001bd7161a4b0 Thread exited: 0x000001bd7161a4b0
Event: 14061.260 Thread 0x000001bd71619f90 Thread exited: 0x000001bd71619f90
Event: 14111.214 Thread 0x000001bd70638ce0 Thread exited: 0x000001bd70638ce0
Event: 14111.214 Thread 0x000001bd7063c490 Thread exited: 0x000001bd7063c490
Event: 14111.849 Thread 0x000001bd706391f0 Thread exited: 0x000001bd706391f0
Event: 14115.112 Thread 0x000001bd7063b050 Thread exited: 0x000001bd7063b050
Event: 14115.112 Thread 0x000001bd70639700 Thread exited: 0x000001bd70639700
Event: 14115.112 Thread 0x000001bd7063e800 Thread exited: 0x000001bd7063e800
Event: 14115.836 Thread 0x000001bd70637db0 Thread exited: 0x000001bd70637db0
Event: 14116.811 Thread 0x000001bd70639c10 Thread exited: 0x000001bd70639c10
Event: 14116.826 Thread 0x000001bd7063d8d0 Thread exited: 0x000001bd7063d8d0
Event: 14119.746 Thread 0x000001bd70639700 Thread added: 0x000001bd70639700
Event: 14179.756 Thread 0x000001bd70639700 Thread exited: 0x000001bd70639700
Event: 14255.459 Thread 0x000001bd7063b050 Thread added: 0x000001bd7063b050
Event: 14315.473 Thread 0x000001bd7063b050 Thread exited: 0x000001bd7063b050
Event: 14344.326 Thread 0x000001bd7063c490 Thread added: 0x000001bd7063c490
Event: 14405.720 Thread 0x000001bd7063c490 Thread exited: 0x000001bd7063c490
Event: 14444.614 Thread 0x000001bd70639700 Thread added: 0x000001bd70639700
Event: 14509.026 Thread 0x000001bd70639700 Thread exited: 0x000001bd70639700
Event: 14978.418 Thread 0x000001bd7063b050 Thread added: 0x000001bd7063b050


Dynamic libraries:
0x00007ff600e60000 - 0x00007ff600e6e000 	c:\Users\Microsoft\.vscode\extensions\redhat.java-1.30.0-win32-x64\jre\17.0.10-win32-x86_64\bin\java.exe
0x00007ffaf74b0000 - 0x00007ffaf76c6000 	C:\WINDOWS\SYSTEM32\ntdll.dll
0x00007ffaf6e10000 - 0x00007ffaf6ed4000 	C:\WINDOWS\System32\KERNEL32.DLL
0x00007ffaf4c70000 - 0x00007ffaf5017000 	C:\WINDOWS\System32\KERNELBASE.dll
0x00007ffaf4b20000 - 0x00007ffaf4c31000 	C:\WINDOWS\System32\ucrtbase.dll
0x00007ffaefd20000 - 0x00007ffaefd37000 	c:\Users\Microsoft\.vscode\extensions\redhat.java-1.30.0-win32-x64\jre\17.0.10-win32-x86_64\bin\jli.dll
0x00007ffaf6200000 - 0x00007ffaf63ae000 	C:\WINDOWS\System32\USER32.dll
0x00007ffaf5090000 - 0x00007ffaf50b6000 	C:\WINDOWS\System32\win32u.dll
0x00007ffaf6ee0000 - 0x00007ffaf6f09000 	C:\WINDOWS\System32\GDI32.dll
0x00007ffad4b10000 - 0x00007ffad4b2b000 	c:\Users\Microsoft\.vscode\extensions\redhat.java-1.30.0-win32-x64\jre\17.0.10-win32-x86_64\bin\VCRUNTIME140.dll
0x00007ffaf50c0000 - 0x00007ffaf51d9000 	C:\WINDOWS\System32\gdi32full.dll
0x00007ffaf47d0000 - 0x00007ffaf486a000 	C:\WINDOWS\System32\msvcp_win.dll
0x00007ffad85e0000 - 0x00007ffad8873000 	C:\WINDOWS\WinSxS\amd64_microsoft.windows.common-controls_6595b64144ccf1df_6.0.22621.3235_none_270f74e173860f98\COMCTL32.dll
0x00007ffaf6150000 - 0x00007ffaf61f7000 	C:\WINDOWS\System32\msvcrt.dll
0x00007ffaf71f0000 - 0x00007ffaf7221000 	C:\WINDOWS\System32\IMM32.DLL
0x00007ffad7b50000 - 0x00007ffad7b5c000 	c:\Users\Microsoft\.vscode\extensions\redhat.java-1.30.0-win32-x64\jre\17.0.10-win32-x86_64\bin\vcruntime140_1.dll
0x00007ffab56d0000 - 0x00007ffab575d000 	c:\Users\Microsoft\.vscode\extensions\redhat.java-1.30.0-win32-x64\jre\17.0.10-win32-x86_64\bin\msvcp140.dll
0x00007ffa75ee0000 - 0x00007ffa76b42000 	c:\Users\Microsoft\.vscode\extensions\redhat.java-1.30.0-win32-x64\jre\17.0.10-win32-x86_64\bin\server\jvm.dll
0x00007ffaf73b0000 - 0x00007ffaf7462000 	C:\WINDOWS\System32\ADVAPI32.dll
0x00007ffaf63c0000 - 0x00007ffaf6468000 	C:\WINDOWS\System32\sechost.dll
0x00007ffaf4c40000 - 0x00007ffaf4c68000 	C:\WINDOWS\System32\bcrypt.dll
0x00007ffaf6f10000 - 0x00007ffaf7025000 	C:\WINDOWS\System32\RPCRT4.dll
0x00007ffaf40e0000 - 0x00007ffaf412d000 	C:\WINDOWS\SYSTEM32\POWRPROF.dll
0x00007ffad4b00000 - 0x00007ffad4b09000 	C:\WINDOWS\SYSTEM32\WSOCK32.dll
0x00007ffaf6ca0000 - 0x00007ffaf6d11000 	C:\WINDOWS\System32\WS2_32.dll
0x00007ffaed120000 - 0x00007ffaed154000 	C:\WINDOWS\SYSTEM32\WINMM.dll
0x00007ffae48d0000 - 0x00007ffae48da000 	C:\WINDOWS\SYSTEM32\VERSION.dll
0x00007ffaf40a0000 - 0x00007ffaf40b3000 	C:\WINDOWS\SYSTEM32\UMPDC.dll
0x00007ffaf37d0000 - 0x00007ffaf37e8000 	C:\WINDOWS\SYSTEM32\kernel.appcore.dll
0x00007ffacd4e0000 - 0x00007ffacd4ea000 	c:\Users\Microsoft\.vscode\extensions\redhat.java-1.30.0-win32-x64\jre\17.0.10-win32-x86_64\bin\jimage.dll
0x00007ffaf20c0000 - 0x00007ffaf22f3000 	C:\WINDOWS\SYSTEM32\DBGHELP.DLL
0x00007ffaf6760000 - 0x00007ffaf6ae8000 	C:\WINDOWS\System32\combase.dll
0x00007ffaf72b0000 - 0x00007ffaf7387000 	C:\WINDOWS\System32\OLEAUT32.dll
0x00007ffad92c0000 - 0x00007ffad92f2000 	C:\WINDOWS\SYSTEM32\dbgcore.DLL
0x00007ffaf4870000 - 0x00007ffaf48e9000 	C:\WINDOWS\System32\bcryptPrimitives.dll
0x00007ffac5320000 - 0x00007ffac5345000 	c:\Users\Microsoft\.vscode\extensions\redhat.java-1.30.0-win32-x64\jre\17.0.10-win32-x86_64\bin\java.dll
0x00007ffac6380000 - 0x00007ffac6398000 	c:\Users\Microsoft\.vscode\extensions\redhat.java-1.30.0-win32-x64\jre\17.0.10-win32-x86_64\bin\zip.dll
0x00007ffaf51e0000 - 0x00007ffaf5a3c000 	C:\WINDOWS\System32\SHELL32.dll
0x00007ffaf26e0000 - 0x00007ffaf2fd9000 	C:\WINDOWS\SYSTEM32\windows.storage.dll
0x00007ffaf25a0000 - 0x00007ffaf26de000 	C:\WINDOWS\SYSTEM32\wintypes.dll
0x00007ffaf5fe0000 - 0x00007ffaf60d3000 	C:\WINDOWS\System32\SHCORE.dll
0x00007ffaf5a40000 - 0x00007ffaf5a9e000 	C:\WINDOWS\System32\shlwapi.dll
0x00007ffaf4700000 - 0x00007ffaf4721000 	C:\WINDOWS\SYSTEM32\profapi.dll
0x00007ffac4500000 - 0x00007ffac4519000 	C:\Users\Microsoft\.vscode\extensions\redhat.java-1.30.0-win32-x64\jre\17.0.10-win32-x86_64\bin\net.dll
0x00007ffaecc50000 - 0x00007ffaecd86000 	C:\WINDOWS\SYSTEM32\WINHTTP.dll
0x00007ffaf3c30000 - 0x00007ffaf3c99000 	C:\WINDOWS\system32\mswsock.dll
0x00007ffac44e0000 - 0x00007ffac44f6000 	C:\Users\Microsoft\.vscode\extensions\redhat.java-1.30.0-win32-x64\jre\17.0.10-win32-x86_64\bin\nio.dll
0x00007ffac9910000 - 0x00007ffac9920000 	c:\Users\Microsoft\.vscode\extensions\redhat.java-1.30.0-win32-x64\jre\17.0.10-win32-x86_64\bin\verify.dll
0x00007ffaf3ff0000 - 0x00007ffaf400b000 	C:\WINDOWS\SYSTEM32\CRYPTSP.dll
0x00007ffaf3730000 - 0x00007ffaf3765000 	C:\WINDOWS\system32\rsaenh.dll
0x00007ffaf3cd0000 - 0x00007ffaf3cf8000 	C:\WINDOWS\SYSTEM32\USERENV.dll
0x00007ffaf3f60000 - 0x00007ffaf3f6c000 	C:\WINDOWS\SYSTEM32\CRYPTBASE.dll
0x00007ffaf3240000 - 0x00007ffaf326d000 	C:\WINDOWS\SYSTEM32\IPHLPAPI.DLL
0x00007ffaf7030000 - 0x00007ffaf7039000 	C:\WINDOWS\System32\NSI.dll
0x00007ffaec5a0000 - 0x00007ffaec5b9000 	C:\WINDOWS\SYSTEM32\dhcpcsvc6.DLL
0x00007ffaebe60000 - 0x00007ffaebe7f000 	C:\WINDOWS\SYSTEM32\dhcpcsvc.DLL
0x00007ffaf32b0000 - 0x00007ffaf33a9000 	C:\WINDOWS\SYSTEM32\DNSAPI.dll
0x00007ffac77d0000 - 0x00007ffac77d9000 	C:\Users\Microsoft\.vscode\extensions\redhat.java-1.30.0-win32-x64\jre\17.0.10-win32-x86_64\bin\management.dll
0x00007ffac73c0000 - 0x00007ffac73cb000 	C:\Users\Microsoft\.vscode\extensions\redhat.java-1.30.0-win32-x64\jre\17.0.10-win32-x86_64\bin\management_ext.dll
0x00007ffaf63b0000 - 0x00007ffaf63b8000 	C:\WINDOWS\System32\PSAPI.DLL
0x00007ffac5310000 - 0x00007ffac531e000 	C:\Users\Microsoft\.vscode\extensions\redhat.java-1.30.0-win32-x64\jre\17.0.10-win32-x86_64\bin\sunmscapi.dll
0x00007ffaf49b0000 - 0x00007ffaf4b17000 	C:\WINDOWS\System32\CRYPT32.dll
0x00007ffaf4170000 - 0x00007ffaf419e000 	C:\WINDOWS\SYSTEM32\ncrypt.dll
0x00007ffaf4130000 - 0x00007ffaf4167000 	C:\WINDOWS\SYSTEM32\NTASN1.dll
0x00007ffae4c60000 - 0x00007ffae4c6a000 	C:\Windows\System32\rasadhlp.dll
0x00007ffaeb1f0000 - 0x00007ffaeb273000 	C:\WINDOWS\System32\fwpuclnt.dll
0x00007ffab1bb0000 - 0x00007ffab1bb9000 	C:\Users\Microsoft\.vscode\extensions\redhat.java-1.30.0-win32-x64\jre\17.0.10-win32-x86_64\bin\extnet.dll

dbghelp: loaded successfully - version: 4.0.5 - missing functions: none
symbol engine: initialized successfully - sym options: 0x614 - pdb path: .;c:\Users\Microsoft\.vscode\extensions\redhat.java-1.30.0-win32-x64\jre\17.0.10-win32-x86_64\bin;C:\WINDOWS\SYSTEM32;C:\WINDOWS\WinSxS\amd64_microsoft.windows.common-controls_6595b64144ccf1df_6.0.22621.3235_none_270f74e173860f98;c:\Users\Microsoft\.vscode\extensions\redhat.java-1.30.0-win32-x64\jre\17.0.10-win32-x86_64\bin\server

VM Arguments:
jvm_args: -Xmx1024m -Dsts.lsp.client=vscode -Dsts.log.file=/dev/null -XX:TieredStopAtLevel=1 -Xlog:jni+resolve=off -Dspring.config.location=file:c:\Users\Microsoft\.vscode\extensions\vmware.vscode-spring-boot-1.54.0\language-server\BOOT-INF\classes\application.properties 
java_command: org.springframework.ide.vscode.boot.app.BootLanguageServerBootApp
java_class_path (initial): c:\Users\Microsoft\.vscode\extensions\vmware.vscode-spring-boot-1.54.0\language-server\BOOT-INF\classes;c:\Users\Microsoft\.vscode\extensions\vmware.vscode-spring-boot-1.54.0\language-server\BOOT-INF\lib\annotations-24.1.0.jar;c:\Users\Microsoft\.vscode\extensions\vmware.vscode-spring-boot-1.54.0\language-server\BOOT-INF\lib\antlr4-runtime-4.13.1.jar;c:\Users\Microsoft\.vscode\extensions\vmware.vscode-spring-boot-1.54.0\language-server\BOOT-INF\lib\asm-9.7.jar;c:\Users\Microsoft\.vscode\extensions\vmware.vscode-spring-boot-1.54.0\language-server\BOOT-INF\lib\asm-analysis-9.7.jar;c:\Users\Microsoft\.vscode\extensions\vmware.vscode-spring-boot-1.54.0\language-server\BOOT-INF\lib\asm-tree-9.7.jar;c:\Users\Microsoft\.vscode\extensions\vmware.vscode-spring-boot-1.54.0\language-server\BOOT-INF\lib\asm-util-9.7.jar;c:\Users\Microsoft\.vscode\extensions\vmware.vscode-spring-boot-1.54.0\language-server\BOOT-INF\lib\caffeine-3.1.8.jar;c:\Users\Microsoft\.vscode\extensions\vmware.vscode-spring-boot-1.54.0\language-server\BOOT-INF\lib\checker-qual-3.12.0.jar;c:\Users\Microsoft\.vscode\extensions\vmware.vscode-spring-boot-1.54.0\language-server\BOOT-INF\lib\classgraph-4.8.149.jar;c:\Users\Microsoft\.vscode\extensions\vmware.vscode-spring-boot-1.54.0\language-server\BOOT-INF\lib\commons-codec-1.16.1.jar;c:\Users\Microsoft\.vscode\extensions\vmware.vscode-spring-boot-1.54.0\language-server\BOOT-INF\lib\commons-compress-1.26.1.jar;c:\Users\Microsoft\.vscode\extensions\vmware.vscode-spring-boot-1.54.0\language-server\BOOT-INF\lib\commons-io-2.4.jar;c:\Users\Microsoft\.vscode\extensions\vmware.vscode-spring-boot-1.54.0\language-server\BOOT-INF\lib\commons-java-1.54.0-SNAPSHOT.jar;c:\Users\Microsoft\.vscode\extensions\vmware.vscode-spring-boot-1.54.0\language-server\BOOT-INF\lib\commons-lang3-3.13.0.jar;c:\Users\Microsoft\.vscode\extensions\vmware.vscode-spring-boot-1.54.0\language-server\BOOT-INF\lib\commons-language-server-1.54.0-SNAPSHOT.jar;c:\Users\Mi
Launcher Type: SUN_STANDARD

[Global flags]
     intx CICompilerCount                          = 4                                         {product} {ergonomic}
     uint ConcGCThreads                            = 2                                         {product} {ergonomic}
     uint G1ConcRefinementThreads                  = 8                                         {product} {ergonomic}
   size_t G1HeapRegionSize                         = 1048576                                   {product} {ergonomic}
    uintx GCDrainStackTargetSize                   = 64                                        {product} {ergonomic}
   size_t InitialHeapSize                          = 132120576                                 {product} {ergonomic}
   size_t MarkStackSize                            = 4194304                                   {product} {ergonomic}
   size_t MaxHeapSize                              = 1073741824                                {product} {command line}
   size_t MaxNewSize                               = 643825664                                 {product} {ergonomic}
   size_t MinHeapDeltaBytes                        = 1048576                                   {product} {ergonomic}
   size_t MinHeapSize                              = 8388608                                   {product} {ergonomic}
    uintx NonProfiledCodeHeapSize                  = 0                                      {pd product} {ergonomic}
     bool ProfileInterpreter                       = false                                  {pd product} {command line}
    uintx ProfiledCodeHeapSize                     = 0                                      {pd product} {ergonomic}
   size_t SoftMaxHeapSize                          = 1073741824                             {manageable} {ergonomic}
     intx TieredStopAtLevel                        = 1                                         {product} {command line}
     bool UseCompressedClassPointers               = true                           {product lp64_product} {ergonomic}
     bool UseCompressedOops                        = true                           {product lp64_product} {ergonomic}
     bool UseG1GC                                  = true                                      {product} {ergonomic}
     bool UseLargePagesIndividualAllocation        = false                                  {pd product} {ergonomic}

Logging:
Log output configuration:
 #0: stdout all=warning,jni+resolve=off uptime,level,tags
 #1: stderr all=off uptime,level,tags

Environment Variables:
JAVA_HOME=C:\Program Files\Java\jdk-20
PATH=C:\Program Files\Python312\Scripts\;C:\Program Files\Python312\;C:\Program Files\Eclipse Adoptium\jdk-21.0.1.12-hotspot\bin;C:\Program Files\Common Files\Oracle\Java\javapath;C:\Program Files (x86)\Common Files\Oracle\Java\javapath;C:\Windows\system32;C:\Windows;C:\Windows\System32\Wbem;C:\Windows\System32\WindowsPowerShell\v1.0\;C:\Windows\System32\OpenSSH\;C:\Program Files (x86)\NVIDIA Corporation\PhysX\Common;C:\Program Files\NVIDIA Corporation\NVIDIA NvDLISR;C:\WINDOWS\system32;C:\WINDOWS;C:\WINDOWS\System32\Wbem;C:\WINDOWS\System32\WindowsPowerShell\v1.0\;C:\WINDOWS\System32\OpenSSH\;C:\Program Files\Git\cmd;C:\Program Files\Java\jdk-20\bin;C:\Users\Microsoft\Downloads\apache-maven-3.9.4\bin;C:\Program Files\nodejs\;C:\ProgramData\chocolatey\bin;;C:\Program Files\Docker\Docker\resources\bin;C:\Users\Microsoft\AppData\Local\Microsoft\WindowsApps;C:\Users\Microsoft\AppData\Roaming\npm;C:\Program Files\nodejs;C:\Users\Microsoft\AppData\Local\Programs\Microsoft VS Code\bin
USERNAME=Microsoft
OS=Windows_NT
PROCESSOR_IDENTIFIER=Intel64 Family 6 Model 126 Stepping 5, GenuineIntel
TMP=C:\Users\MICROS~1\AppData\Local\Temp
TEMP=C:\Users\MICROS~1\AppData\Local\Temp



Periodic native trim disabled


---------------  S Y S T E M  ---------------

OS:
 Windows 11 , 64 bit Build 22621 (10.0.22621.3374)
OS uptime: 2 days 8:25 hours
Hyper-V role detected

CPU: total 8 (initial active 8) (4 cores per cpu, 2 threads per core) family 6 model 126 stepping 5 microcode 0xa0, cx8, cmov, fxsr, ht, mmx, 3dnowpref, sse, sse2, sse3, ssse3, sse4.1, sse4.2, popcnt, lzcnt, tsc, tscinvbit, avx, avx2, aes, erms, clmul, bmi1, bmi2, adx, avx512f, avx512dq, avx512cd, avx512bw, avx512vl, sha, fma, vzeroupper, avx512_vpopcntdq, avx512_vpclmulqdq, avx512_vaes, avx512_vnni, clflush, clflushopt, avx512_vbmi2, avx512_vbmi, hv
Processor Information for all 8 processors :
  Max Mhz: 1190, Current Mhz: 991, Mhz Limit: 987

Memory: 4k page, system-wide physical 7973M (408M free)
TotalPageFile size 23109M (AvailPageFile size 10M)
current process WorkingSet (physical memory assigned to process): 30M, peak: 226M
current process commit charge ("private bytes"): 276M, peak: 299M

vm_info: OpenJDK 64-Bit Server VM (17.0.10+7) for windows-amd64 JRE (17.0.10+7), built on Jan 16 2024 23:25:11 by "admin" with MS VC++ 16.10 / 16.11 (VS2019)

END.
